<?xml version="1.0" encoding="UTF-8"?>
<!-- Generated by org.testng.reporters.JUnitReportReporter -->
<testsuite hostname="DESKTOP-OGNOMB7" failures="0" tests="1" name="ExcelOpeartion.GetDataFromExcelAndSendToWebApp" time="58.716" errors="0" timestamp="2024-08-31T19:48:08 IST" skipped="0">
  <testcase classname="ExcelOpeartion.GetDataFromExcelAndSendToWebApp" name="getExceldata" time="58.716"/>
  <system-out/>
</testsuite> <!-- ExcelOpeartion.GetDataFromExcelAndSendToWebApp -->
