<?xml version="1.0" encoding="UTF-8"?>
<!-- Generated by org.testng.reporters.JUnitReportReporter -->
<testsuite hostname="DESKTOP-OGNOMB7" failures="0" tests="1" name="BasicConceptOfTestNg.Annotationconcept02" time="0.009" errors="0" timestamp="2024-08-22T19:11:50 IST" skipped="0">
  <testcase classname="BasicConceptOfTestNg.Annotationconcept02" name="test" time="0.009"/>
  <system-out/>
</testsuite> <!-- BasicConceptOfTestNg.Annotationconcept02 -->
