<?xml version="1.0" encoding="UTF-8"?>
<!-- Generated by org.testng.reporters.JUnitReportReporter -->
<testsuite hostname="DESKTOP-OGNOMB7" failures="0" tests="1" name="BasicConceptOfTestNg.parallel03" time="21.408" errors="0" timestamp="2024-08-23T19:42:29 IST" skipped="0">
  <testcase classname="BasicConceptOfTestNg.parallel03" name="f" time="21.408"/>
  <system-out/>
</testsuite> <!-- BasicConceptOfTestNg.parallel03 -->
