<?xml version="1.0" encoding="UTF-8"?>
<!-- Generated by org.testng.reporters.JUnitReportReporter -->
<testsuite hostname="DESKTOP-OGNOMB7" failures="0" tests="1" name="ExcelOpeartion.ReadAlldataFromExcel" time="1.111" errors="0" timestamp="2024-08-30T20:00:09 IST" skipped="0">
  <testcase classname="ExcelOpeartion.ReadAlldataFromExcel" name="ReadAllData" time="1.111"/>
  <system-out/>
</testsuite> <!-- ExcelOpeartion.ReadAlldataFromExcel -->
