<?xml version="1.0" encoding="UTF-8"?>
<!-- Generated by org.testng.reporters.JUnitReportReporter -->
<testsuite hostname="DESKTOP-OGNOMB7" failures="0" tests="1" name="PropertiesFile.TestBase" time="11.668" errors="0" timestamp="2024-08-27T19:35:57 IST" skipped="0">
  <testcase classname="PropertiesFile.TestBase" name="login" time="11.668"/>
  <system-out/>
</testsuite> <!-- PropertiesFile.TestBase -->
