<?xml version="1.0" encoding="UTF-8"?>
<!-- Generated by org.testng.reporters.JUnitReportReporter -->
<testsuite hostname="DESKTOP-OGNOMB7" failures="0" tests="1" name="ExcelOpeartion.getDataFromWebAndAddIntoExcel" time="23.871" errors="0" timestamp="2024-08-30T20:26:48 IST" skipped="0">
  <testcase classname="ExcelOpeartion.getDataFromWebAndAddIntoExcel" name="getDataFromWeb" time="23.871"/>
  <system-out/>
</testsuite> <!-- ExcelOpeartion.getDataFromWebAndAddIntoExcel -->
