<?xml version="1.0" encoding="UTF-8"?>
<!-- Generated by org.testng.reporters.JUnitReportReporter -->
<testsuite hostname="DESKTOP-OGNOMB7" failures="0" tests="1" name="BasicConceptOfTestNg.parallel02" time="26.467" errors="0" timestamp="2024-08-23T19:42:29 IST" skipped="0">
  <testcase classname="BasicConceptOfTestNg.parallel02" name="f" time="26.467"/>
  <system-out/>
</testsuite> <!-- BasicConceptOfTestNg.parallel02 -->
