<?xml version="1.0" encoding="UTF-8"?>
<!-- Generated by org.testng.reporters.JUnitReportReporter -->
<testsuite hostname="DESKTOP-OGNOMB7" failures="0" tests="2" name="BasicConceptOfTestNg.KeywordInTestNg" time="0.002" errors="0" timestamp="2024-08-22T19:28:04 IST" skipped="0">
  <testcase classname="BasicConceptOfTestNg.KeywordInTestNg" name="TC1" time="0.001"/>
  <system-out/>
  <testcase classname="BasicConceptOfTestNg.KeywordInTestNg" name="TC4" time="0.001"/>
  <system-out/>
</testsuite> <!-- BasicConceptOfTestNg.KeywordInTestNg -->
