<?xml version="1.0" encoding="UTF-8"?>
<!-- Generated by org.testng.reporters.JUnitReportReporter -->
<testsuite hostname="DESKTOP-OGNOMB7" failures="0" tests="3" name="BasicConceptOfTestNg.listnerClass" time="72.400" errors="0" timestamp="2024-08-28T19:40:47 IST" skipped="0">
  <testcase classname="BasicConceptOfTestNg.listnerClass" name="A" time="22.262"/>
  <system-out/>
  <testcase classname="BasicConceptOfTestNg.listnerClass" name="C" time="21.272"/>
  <system-out/>
  <testcase classname="BasicConceptOfTestNg.listnerClass" name="B" time="28.866"/>
  <system-out/>
</testsuite> <!-- BasicConceptOfTestNg.listnerClass -->
