<?xml version="1.0" encoding="UTF-8"?>
<!-- Generated by org.testng.reporters.JUnitReportReporter -->
<testsuite hostname="DESKTOP-OGNOMB7" failures="0" tests="1" name="ExcelOpeartion.GetDataFromExcel" time="1.174" errors="0" timestamp="2024-08-29T20:00:25 IST" skipped="0">
  <testcase classname="ExcelOpeartion.GetDataFromExcel" name="getData" time="1.174"/>
  <system-out/>
</testsuite> <!-- ExcelOpeartion.GetDataFromExcel -->
