<?xml version="1.0" encoding="UTF-8"?>
<!-- Generated by org.testng.reporters.JUnitReportReporter -->
<testsuite hostname="DESKTOP-OGNOMB7" failures="0" tests="1" name="ExcelOpeartion.GetMultipleDataFromExcel" time="1.178" errors="0" timestamp="2024-08-30T19:45:44 IST" skipped="0">
  <testcase classname="ExcelOpeartion.GetMultipleDataFromExcel" name="getMultipleRowData" time="1.178"/>
  <system-out/>
</testsuite> <!-- ExcelOpeartion.GetMultipleDataFromExcel -->
