<?xml version="1.0" encoding="UTF-8"?>
<!-- Generated by org.testng.reporters.JUnitReportReporter -->
<testsuite hostname="DESKTOP-OGNOMB7" failures="0" tests="2" name="ExcelOpeartion.CreateDataInExcel" time="1.675" errors="0" timestamp="2024-08-29T19:53:11 IST" skipped="0">
  <testcase classname="ExcelOpeartion.CreateDataInExcel" name="getdata1" time="1.545"/>
  <system-out/>
  <testcase classname="ExcelOpeartion.CreateDataInExcel" name="getdata" time="0.130"/>
  <system-out/>
</testsuite> <!-- ExcelOpeartion.CreateDataInExcel -->
