<?xml version="1.0" encoding="UTF-8"?>
<!-- Generated by org.testng.reporters.JUnitReportReporter -->
<testsuite hostname="DESKTOP-OGNOMB7" failures="0" tests="1" name="BasicConceptOfTestNg.dropDown" time="21.827" errors="0" timestamp="2024-08-23T22:35:55 IST" skipped="0">
  <testcase classname="BasicConceptOfTestNg.dropDown" name="dropdowm" time="21.827"/>
  <system-out/>
</testsuite> <!-- BasicConceptOfTestNg.dropDown -->
